src/components/organization/MemberActionModal.tsx(44,15): error TS7030: Not all code paths return a value.
src/components/ui/calendar.tsx(60,17): error TS2353: Object literal may only specify known properties, and 'IconLeft' does not exist in type 'Partial<CustomComponents>'.
src/components/ui/calendar.tsx(60,28): error TS6133: 'props' is declared but its value is never read.
src/components/ui/calendar.tsx(61,29): error TS6133: 'props' is declared but its value is never read.
src/components/ui/calendar.tsx(63,13): error TS2322: Type '"dropdown-buttons"' is not assignable to type '"label" | "dropdown" | "dropdown-months" | "dropdown-years"'.
src/components/ui/dropdown-menu.tsx(98,4): error TS2375: Type '{ children: (ReactNode | Element)[]; id?: string | undefined; title?: string | undefined; onError?: ReactEventHandler<HTMLDivElement> | undefined; ... 266 more ...; checked: CheckedState | undefined; }' is not assignable to type 'DropdownMenuCheckboxItemProps' with 'exactOptionalPropertyTypes: true'. Consider adding 'undefined' to the types of the target's properties.
  Types of property 'checked' are incompatible.
    Type 'CheckedState | undefined' is not assignable to type 'CheckedState'.
      Type 'undefined' is not assignable to type 'CheckedState'.
src/hooks/common/useKeyboardNavigation.ts(28,15): error TS7030: Not all code paths return a value.
src/pages/EvaluationLibrary.tsx(43,12): error TS6133: 'selectedPresetType' is declared but its value is never read.
src/test/components/Member.test.tsx(189,60): error TS2375: Type '{ email: undefined; id: string; name: string; role: string; avatar: string; status: "active" | "on_leave" | "resigned" | "intern"; hireDate: string; teamName?: string; partName?: string; teamId?: string; partId?: string; }' is not assignable to type 'Member' with 'exactOptionalPropertyTypes: true'. Consider adding 'undefined' to the types of the target's properties.
  Types of property 'email' are incompatible.
    Type 'undefined' is not assignable to type 'string'.
src/test/components/Member.test.tsx(238,15): error TS2375: Type '{ onDragStart: undefined; onDragEnd: undefined; member: Member; onEdit: Mock<any, any>; onDelete: Mock<any, any>; baseDate: string; isDragging: boolean; }' is not assignable to type 'MemberProps' with 'exactOptionalPropertyTypes: true'. Consider adding 'undefined' to the types of the target's properties.
  Types of property 'onDragStart' are incompatible.
    Type 'undefined' is not assignable to type '(member: Member) => void'.
src/test/components/TeamCard.test.tsx(9,22): error TS6133: 'Member' is declared but its value is never read.
src/test/hooks/useMemberManagement.test.tsx(8,37): error TS2307: Cannot find module '../../hooks/useMemberManagement' or its corresponding type declarations.
src/test/hooks/useMemberManagement.test.tsx(9,16): error TS6133: 'Member' is declared but its value is never read.
src/test/hooks/useMemberManagement.test.tsx(45,7): error TS2353: Object literal may only specify known properties, and 'description' does not exist in type 'Team'.
src/test/hooks/useOrganizationData.test.tsx(6,48): error TS6133: 'afterEach' is declared but its value is never read.
src/test/hooks/useOrganizationData.test.tsx(7,22): error TS6133: 'act' is declared but its value is never read.
src/test/hooks/useOrganizationData.test.tsx(8,37): error TS2307: Cannot find module '../../hooks/useOrganizationData' or its corresponding type declarations.
src/test/hooks/useOrganizationFilter.test.tsx(7,22): error TS6133: 'act' is declared but its value is never read.
src/test/hooks/useOrganizationFilter.test.tsx(8,39): error TS2307: Cannot find module '../../hooks/useOrganizationFilter' or its corresponding type declarations.
src/test/setup.ts(66,5): error TS2322: Type 'MockInstance<[message?: any, ...optionalParams: any[]], void>' is not assignable to type 'MockInstance<unknown[], unknown>'.
  The types returned by 'withImplementation(...)' are incompatible between these types.
    Type 'MockInstance<[message?: any, ...optionalParams: any[]], void> | Promise<MockInstance<[message?: any, ...optionalParams: any[]], void>>' is not assignable to type 'MockInstance<unknown[], unknown> | Promise<MockInstance<unknown[], unknown>>'.
      Type 'MockInstance<[message?: any, ...optionalParams: any[]], void>' is not assignable to type 'MockInstance<unknown[], unknown> | Promise<MockInstance<unknown[], unknown>>'.
src/test/setup.ts(67,5): error TS2322: Type 'MockInstance<[message?: any, ...optionalParams: any[]], void>' is not assignable to type 'MockInstance<unknown[], unknown>'.
  The types returned by 'withImplementation(...)' are incompatible between these types.
    Type 'MockInstance<[message?: any, ...optionalParams: any[]], void> | Promise<MockInstance<[message?: any, ...optionalParams: any[]], void>>' is not assignable to type 'MockInstance<unknown[], unknown> | Promise<MockInstance<unknown[], unknown>>'.
      Type 'MockInstance<[message?: any, ...optionalParams: any[]], void>' is not assignable to type 'MockInstance<unknown[], unknown> | Promise<MockInstance<unknown[], unknown>>'.
src/test/setup.ts(68,5): error TS2322: Type 'MockInstance<[message?: any, ...optionalParams: any[]], void>' is not assignable to type 'MockInstance<unknown[], unknown>'.
  The types returned by 'withImplementation(...)' are incompatible between these types.
    Type 'MockInstance<[message?: any, ...optionalParams: any[]], void> | Promise<MockInstance<[message?: any, ...optionalParams: any[]], void>>' is not assignable to type 'MockInstance<unknown[], unknown> | Promise<MockInstance<unknown[], unknown>>'.
      Type 'MockInstance<[message?: any, ...optionalParams: any[]], void>' is not assignable to type 'MockInstance<unknown[], unknown> | Promise<MockInstance<unknown[], unknown>>'.
src/test/setup.ts(69,5): error TS2322: Type 'MockInstance<[message?: any, ...optionalParams: any[]], void>' is not assignable to type 'MockInstance<unknown[], unknown>'.
  The types returned by 'withImplementation(...)' are incompatible between these types.
    Type 'MockInstance<[message?: any, ...optionalParams: any[]], void> | Promise<MockInstance<[message?: any, ...optionalParams: any[]], void>>' is not assignable to type 'MockInstance<unknown[], unknown> | Promise<MockInstance<unknown[], unknown>>'.
      Type 'MockInstance<[message?: any, ...optionalParams: any[]], void>' is not assignable to type 'MockInstance<unknown[], unknown> | Promise<MockInstance<unknown[], unknown>>'.
src/test/utils/logger.test.ts(37,25): error TS2345: Argument of type 'string' is not assignable to parameter of type 'boolean'.
src/test/utils/logger.test.ts(108,25): error TS2345: Argument of type 'string' is not assignable to parameter of type 'boolean'.
src/test/utils/logger.test.ts(148,25): error TS2345: Argument of type 'string' is not assignable to parameter of type 'boolean'.
src/test/utils/logger.test.ts(180,25): error TS2345: Argument of type 'string' is not assignable to parameter of type 'boolean'.
