src/components/ErrorBoundary.tsx(44,19): error TS2345: Argument of type '{ hasError: false; error: undefined; errorInfo: undefined; }' is not assignable to parameter of type 'State | ((prevState: Readonly<State>, props: Readonly<Props>) => State | Pick<State, "error" | "hasError" | "errorInfo"> | null) | Pick<...> | null'.
  Type '{ hasError: false; error: undefined; errorInfo: undefined; }' is not assignable to type 'Pick<State, "error" | "hasError" | "errorInfo">' with 'exactOptionalPropertyTypes: true'. Consider adding 'undefined' to the types of the target's properties.
    Types of property 'error' are incompatible.
      Type 'undefined' is not assignable to type 'Error'.
src/components/organization/MemberActionModal.tsx(44,15): error TS7030: Not all code paths return a value.
src/components/ui/calendar.tsx(60,17): error TS2353: Object literal may only specify known properties, and 'IconLeft' does not exist in type 'Partial<CustomComponents>'.
src/components/ui/calendar.tsx(60,28): error TS6133: 'props' is declared but its value is never read.
src/components/ui/calendar.tsx(61,29): error TS6133: 'props' is declared but its value is never read.
src/components/ui/calendar.tsx(63,13): error TS2322: Type '"dropdown-buttons"' is not assignable to type '"label" | "dropdown" | "dropdown-months" | "dropdown-years"'.
src/components/ui/dropdown-menu.tsx(98,4): error TS2375: Type '{ children: (ReactNode | Element)[]; id?: string | undefined; title?: string | undefined; onError?: ReactEventHandler<HTMLDivElement> | undefined; ... 266 more ...; checked: CheckedState | undefined; }' is not assignable to type 'DropdownMenuCheckboxItemProps' with 'exactOptionalPropertyTypes: true'. Consider adding 'undefined' to the types of the target's properties.
  Types of property 'checked' are incompatible.
    Type 'CheckedState | undefined' is not assignable to type 'CheckedState'.
      Type 'undefined' is not assignable to type 'CheckedState'.
src/contexts/ErrorContext.tsx(70,7): error TS2412: Type 'string | undefined' is not assignable to type 'string' with 'exactOptionalPropertyTypes: true'. Consider adding 'undefined' to the type of the target.
  Type 'undefined' is not assignable to type 'string'.
src/hooks/common/useKeyboardNavigation.ts(28,15): error TS7030: Not all code paths return a value.
src/hooks/common/useToast.ts(44,15): error TS2375: Type '{ id: string; type: ToastType; title: string; message: string | undefined; duration: number; showProgress: boolean; onClose: (id: string) => void; }' is not assignable to type 'ToastProps' with 'exactOptionalPropertyTypes: true'. Consider adding 'undefined' to the types of the target's properties.
  Types of property 'message' are incompatible.
    Type 'string | undefined' is not assignable to type 'string'.
      Type 'undefined' is not assignable to type 'string'.
src/hooks/organization/useMemberManagement.ts(25,24): error TS6133: 'showSuccess' is declared but its value is never read.
src/hooks/organization/useMemberManagement.ts(275,30): error TS2345: Argument of type '(prevTeams: Team[]) => Team[]' is not assignable to parameter of type 'Team[]'.
src/pages/EvaluationLibrary.tsx(43,12): error TS6133: 'selectedPresetType' is declared but its value is never read.
src/pages/EvaluationLibrary.tsx(439,18): error TS2375: Type '{ initialTemplate: EvaluationTemplate | null; onSave: (newTemplateData: EvaluationTemplate) => Promise<void>; onCancel: () => void; ... 6 more ...; existingTemplates: EvaluationTemplate[]; }' is not assignable to type 'TemplateEditorProps' with 'exactOptionalPropertyTypes: true'. Consider adding 'undefined' to the types of the target's properties.
  Types of property 'onToggleFavorite' are incompatible.
    Type '(() => void) | undefined' is not assignable to type '() => void'.
      Type 'undefined' is not assignable to type '() => void'.
src/pages/EvaluationLibrary.tsx(468,17): error TS2322: Type 'string' is not assignable to type '"default" | "destructive"'.
src/test/components/Member.test.tsx(189,60): error TS2375: Type '{ email: undefined; id: string; name: string; role: string; avatar: string; status: "active" | "on_leave" | "resigned" | "intern"; hireDate: string; teamName?: string; partName?: string; teamId?: string; partId?: string; }' is not assignable to type 'Member' with 'exactOptionalPropertyTypes: true'. Consider adding 'undefined' to the types of the target's properties.
  Types of property 'email' are incompatible.
    Type 'undefined' is not assignable to type 'string'.
src/test/components/Member.test.tsx(238,15): error TS2375: Type '{ onDragStart: undefined; onDragEnd: undefined; member: Member; onEdit: Mock<any, any>; onDelete: Mock<any, any>; baseDate: string; isDragging: boolean; }' is not assignable to type 'MemberProps' with 'exactOptionalPropertyTypes: true'. Consider adding 'undefined' to the types of the target's properties.
  Types of property 'onDragStart' are incompatible.
    Type 'undefined' is not assignable to type '(member: Member) => void'.
src/test/components/TeamCard.test.tsx(9,22): error TS6133: 'Member' is declared but its value is never read.
src/test/hooks/useMemberManagement.test.tsx(8,37): error TS2307: Cannot find module '../../hooks/useMemberManagement' or its corresponding type declarations.
src/test/hooks/useMemberManagement.test.tsx(9,16): error TS6133: 'Member' is declared but its value is never read.
src/test/hooks/useMemberManagement.test.tsx(45,7): error TS2353: Object literal may only specify known properties, and 'description' does not exist in type 'Team'.
src/test/hooks/useOrganizationData.test.tsx(6,48): error TS6133: 'afterEach' is declared but its value is never read.
src/test/hooks/useOrganizationData.test.tsx(7,22): error TS6133: 'act' is declared but its value is never read.
src/test/hooks/useOrganizationData.test.tsx(8,37): error TS2307: Cannot find module '../../hooks/useOrganizationData' or its corresponding type declarations.
src/test/hooks/useOrganizationFilter.test.tsx(7,22): error TS6133: 'act' is declared but its value is never read.
src/test/hooks/useOrganizationFilter.test.tsx(8,39): error TS2307: Cannot find module '../../hooks/useOrganizationFilter' or its corresponding type declarations.
src/test/setup.ts(66,5): error TS2322: Type 'MockInstance<[message?: any, ...optionalParams: any[]], void>' is not assignable to type 'MockInstance<unknown[], unknown>'.
  The types returned by 'withImplementation(...)' are incompatible between these types.
    Type 'MockInstance<[message?: any, ...optionalParams: any[]], void> | Promise<MockInstance<[message?: any, ...optionalParams: any[]], void>>' is not assignable to type 'MockInstance<unknown[], unknown> | Promise<MockInstance<unknown[], unknown>>'.
      Type 'MockInstance<[message?: any, ...optionalParams: any[]], void>' is not assignable to type 'MockInstance<unknown[], unknown> | Promise<MockInstance<unknown[], unknown>>'.
src/test/setup.ts(67,5): error TS2322: Type 'MockInstance<[message?: any, ...optionalParams: any[]], void>' is not assignable to type 'MockInstance<unknown[], unknown>'.
  The types returned by 'withImplementation(...)' are incompatible between these types.
    Type 'MockInstance<[message?: any, ...optionalParams: any[]], void> | Promise<MockInstance<[message?: any, ...optionalParams: any[]], void>>' is not assignable to type 'MockInstance<unknown[], unknown> | Promise<MockInstance<unknown[], unknown>>'.
      Type 'MockInstance<[message?: any, ...optionalParams: any[]], void>' is not assignable to type 'MockInstance<unknown[], unknown> | Promise<MockInstance<unknown[], unknown>>'.
src/test/setup.ts(68,5): error TS2322: Type 'MockInstance<[message?: any, ...optionalParams: any[]], void>' is not assignable to type 'MockInstance<unknown[], unknown>'.
  The types returned by 'withImplementation(...)' are incompatible between these types.
    Type 'MockInstance<[message?: any, ...optionalParams: any[]], void> | Promise<MockInstance<[message?: any, ...optionalParams: any[]], void>>' is not assignable to type 'MockInstance<unknown[], unknown> | Promise<MockInstance<unknown[], unknown>>'.
      Type 'MockInstance<[message?: any, ...optionalParams: any[]], void>' is not assignable to type 'MockInstance<unknown[], unknown> | Promise<MockInstance<unknown[], unknown>>'.
src/test/setup.ts(69,5): error TS2322: Type 'MockInstance<[message?: any, ...optionalParams: any[]], void>' is not assignable to type 'MockInstance<unknown[], unknown>'.
  The types returned by 'withImplementation(...)' are incompatible between these types.
    Type 'MockInstance<[message?: any, ...optionalParams: any[]], void> | Promise<MockInstance<[message?: any, ...optionalParams: any[]], void>>' is not assignable to type 'MockInstance<unknown[], unknown> | Promise<MockInstance<unknown[], unknown>>'.
      Type 'MockInstance<[message?: any, ...optionalParams: any[]], void>' is not assignable to type 'MockInstance<unknown[], unknown> | Promise<MockInstance<unknown[], unknown>>'.
src/test/utils/logger.test.ts(37,25): error TS2345: Argument of type 'string' is not assignable to parameter of type 'boolean'.
src/test/utils/logger.test.ts(108,25): error TS2345: Argument of type 'string' is not assignable to parameter of type 'boolean'.
src/test/utils/logger.test.ts(148,25): error TS2345: Argument of type 'string' is not assignable to parameter of type 'boolean'.
src/test/utils/logger.test.ts(180,25): error TS2345: Argument of type 'string' is not assignable to parameter of type 'boolean'.
